 [32minfo[39m   18:11:43 App Running on port => 8000
 [31merror[39m   18:11:43 An Error while trying to connect to databse ==> Error: ER_NOT_SUPPORTED_AUTH_MODE: Client does not support authentication protocol requested by server; consider upgrading MySQL client
timestamp : 18:13:23 level : [32minfo[39m 
 message: App Running on port => 8000
timestamp : 18:14:16 
 level : [32minfo[39m 
 message: App Running on port => 8000
timestamp : 18:14:33 
level : [32minfo[39m 
message: App Running on port => 8000
timestamp : 18:24:09 
level : [32minfo[39m 
message: App Running on port => 8000
timestamp : 18:24:09 
level : [31merror[39m 
message: An Error while trying to connect to databse ==> Error: ER_BAD_DB_ERROR: Unknown database 'logist_db'
timestamp : 18:24:41 
level : [32minfo[39m 
message: App Running on port => 8000
timestamp : 18:24:41 
level : [31merror[39m 
message: Connected
timestamp : 18:25:19 
level : [32minfo[39m 
message: App Running on port => 8000
timestamp : 18:25:19 
level : [32minfo[39m 
message: Connected
[[32minfo[39m]    18:25:35 App Running on port => 8000
[[32minfo[39m]    18:25:35 Connected
18:25:52 [[32minfo[39m] App Running on port => 8000
18:25:52 [[32minfo[39m] Connected
18:26:03 [[32minfo[39m] App Running on port => 8000
18:26:03 [[32minfo[39m] Connected
19:47:03 [[32minfo[39m] App Running on port => 8000
19:47:03 [[32minfo[39m] Connected
02:43:33 [[32minfo[39m] App Running on port => 8000
02:43:34 [[32minfo[39m] Connected
